\BOOKMARK [0][]{chapter*.4}{Inhaltsverzeichnis}{}% 1
\BOOKMARK [0][]{chapter*.5}{Abkürzungsverzeichnis}{}% 2
\BOOKMARK [0][]{chapter*.6}{Abbildungsverzeichnis}{}% 3
\BOOKMARK [0][]{chapter*.7}{Tabellenverzeichnis}{}% 4
\BOOKMARK [0][]{chapter.1}{Einleitung}{}% 5
\BOOKMARK [1][]{section.1.1}{Motivation}{chapter.1}% 6
\BOOKMARK [1][]{section.1.2}{Ziel der Arbeit}{chapter.1}% 7
\BOOKMARK [1][]{section.1.3}{Aufbau der Arbeit}{chapter.1}% 8
\BOOKMARK [0][]{chapter.2}{Forschungsmethoden}{}% 9
\BOOKMARK [1][]{section.2.1}{Literaturreview}{chapter.2}% 10
\BOOKMARK [1][]{section.2.2}{CRISP-DM}{chapter.2}% 11
\BOOKMARK [0][]{chapter.3}{Erkennung von Schadcode/IOCs}{}% 12
\BOOKMARK [0][]{chapter.4}{Analyseverfahren}{}% 13
\BOOKMARK [1][]{section.4.1}{Grundbegriffe aus der Cyber Security}{chapter.4}% 14
\BOOKMARK [1][]{section.4.2}{Grundbegriffe des maschinellen Lernens}{chapter.4}% 15
\BOOKMARK [1][]{section.4.3}{Angewandte Ansätze}{chapter.4}% 16
\BOOKMARK [2][]{subsection.4.3.1}{Erkennung von Malware - Hybride Analyse \(2015\)}{section.4.3}% 17
\BOOKMARK [2][]{subsection.4.3.2}{Erkennung von Malware - Statische Analyse \(2016\)}{section.4.3}% 18
\BOOKMARK [2][]{subsection.4.3.3}{Erkennung bösartiger XML-basierter Office Dokumente\(2016\)}{section.4.3}% 19
\BOOKMARK [2][]{subsection.4.3.4}{Erkennung bösartiger HTTP-Anfragen \(2016\)}{section.4.3}% 20
\BOOKMARK [2][]{subsection.4.3.5}{Klassifizierung von Netzwerkattacken \(2017\)}{section.4.3}% 21
\BOOKMARK [2][]{subsection.4.3.6}{Erkennung von Ransomware - Dynamische Analyse \(2017\)}{section.4.3}% 22
\BOOKMARK [2][]{subsection.4.3.7}{Erkennung von Malware - Imageanalyse \(2017\)}{section.4.3}% 23
\BOOKMARK [2][]{subsection.4.3.8}{Erkennung böswilliger MS Office Dateien \(2017\)}{section.4.3}% 24
\BOOKMARK [2][]{subsection.4.3.9}{Klassifizierung von DDoS Attacken \(2017\)}{section.4.3}% 25
\BOOKMARK [2][]{subsection.4.3.10}{Schwachstellen Scanner für Web Applikationen \(2017\)}{section.4.3}% 26
\BOOKMARK [2][]{subsection.4.3.11}{Erkennung von Malware anhand von PE-Header \(2017\)}{section.4.3}% 27
\BOOKMARK [2][]{subsection.4.3.12}{Erkennung von Malware anhand von PE-Header mit erweitertem Feature-Set \(2017\)}{section.4.3}% 28
\BOOKMARK [2][]{subsection.4.3.13}{Erkennung von Exfiltration und C\046C Tunnels \(2017\)}{section.4.3}% 29
\BOOKMARK [2][]{subsection.4.3.14}{Erkennung bösartiger PowerShell-Befehle \(2018\)}{section.4.3}% 30
\BOOKMARK [2][]{subsection.4.3.15}{Klassifizierung von Netzwerkverkehr in 5 Klassen \(2018\)}{section.4.3}% 31
\BOOKMARK [2][]{subsection.4.3.16}{Anomalieerkennung anhand von Systemprotokollen \(2018\)}{section.4.3}% 32
\BOOKMARK [2][]{subsection.4.3.17}{Erkennung von bösartigem Netzwerkverkehr \(2018\)}{section.4.3}% 33
\BOOKMARK [2][]{subsection.4.3.18}{Erkennung von Botnetzen \(2018\)}{section.4.3}% 34
\BOOKMARK [2][]{subsection.4.3.19}{Klassifizierung von Microsoft Malware \(2018\)}{section.4.3}% 35
\BOOKMARK [2][]{subsection.4.3.20}{Klassifizierung von Malware anhand von Datenpaketen \(2018\)}{section.4.3}% 36
\BOOKMARK [2][]{subsection.4.3.21}{Erkennung von Port-Scans \(2018\)}{section.4.3}% 37
\BOOKMARK [2][]{subsection.4.3.22}{Erkennung von Netzwerkverkehr \(2018\)}{section.4.3}% 38
\BOOKMARK [2][]{subsection.4.3.23}{Erkennung bösartiger SQL-Abfragen \(2018\)}{section.4.3}% 39
\BOOKMARK [2][]{subsection.4.3.24}{Erkennung von LDDoS Attacken \(2018\)}{section.4.3}% 40
\BOOKMARK [2][]{subsection.4.3.25}{Klassifizierung von Wi-Fi Netzwerkdaten \(2018\)}{section.4.3}% 41
\BOOKMARK [2][]{subsection.4.3.26}{Klassifizierung von verschleierter Malware \(2019\)}{section.4.3}% 42
\BOOKMARK [2][]{subsection.4.3.27}{Klassifizierung von Malware - Imageanalyse \(2019\)}{section.4.3}% 43
\BOOKMARK [2][]{subsection.4.3.28}{Erkennung von FF Netzwerken \(2019\)}{section.4.3}% 44
\BOOKMARK [2][]{subsection.4.3.29}{Erkennung von drive-by Download-Attacken bei Twitter \(2019\)}{section.4.3}% 45
\BOOKMARK [2][]{subsection.4.3.30}{Erkennung von DGA Domains \(2019\)}{section.4.3}% 46
\BOOKMARK [2][]{subsection.4.3.31}{Erkennung von Phishing Websites \(2019\)}{section.4.3}% 47
\BOOKMARK [2][]{subsection.4.3.32}{Erkennung von Insider Bedrohungen \(2019\)}{section.4.3}% 48
\BOOKMARK [2][]{subsection.4.3.33}{Erkennung von bösartigen PDFs \(2019\)}{section.4.3}% 49
\BOOKMARK [0][]{chapter.5}{Datensätze}{}% 50
\BOOKMARK [1][]{section.5.1}{HTTP Datenset CSIC 2010}{chapter.5}% 51
\BOOKMARK [1][]{section.5.2}{NSL-KDD}{chapter.5}% 52
\BOOKMARK [1][]{section.5.3}{LANL}{chapter.5}% 53
\BOOKMARK [1][]{section.5.4}{ISCX}{chapter.5}% 54
\BOOKMARK [1][]{section.5.5}{CTU-13}{chapter.5}% 55
\BOOKMARK [1][]{section.5.6}{Microsoft Malware Classification Challenge \(BIG 2015\)}{chapter.5}% 56
\BOOKMARK [1][]{section.5.7}{CICIDS2017}{chapter.5}% 57
\BOOKMARK [1][]{section.5.8}{CIC}{chapter.5}% 58
\BOOKMARK [1][]{section.5.9}{ASNM-NPBO}{chapter.5}% 59
\BOOKMARK [1][]{section.5.10}{CERT}{chapter.5}% 60
\BOOKMARK [1][]{section.5.11}{Ember}{chapter.5}% 61
\BOOKMARK [1][]{section.5.12}{Evaluation der Datensätze}{chapter.5}% 62
\BOOKMARK [0][]{chapter.6}{Prototypische Implementierung}{}% 63
\BOOKMARK [0][]{chapter.7}{Literatur}{}% 64
\BOOKMARK [0][]{appendix.A}{Anhang}{}% 65
